2021-06-26T07:15:57+00:00 CRITICAL Uncaught Error: Class 'Vegor\Init\Setup' not found in /var/www/html/vigor/wp-content/themes/vigor/functions.php:5
Stack trace:
#0 /var/www/html/vigor/wp-settings.php(528): include()
#1 /var/www/html/vigor/wp-config.php(93): require_once('/var/www/html/v...')
#2 /var/www/html/vigor/wp-load.php(37): require_once('/var/www/html/v...')
#3 /var/www/html/vigor/wp-admin/admin.php(34): require_once('/var/www/html/v...')
#4 /var/www/html/vigor/wp-admin/index.php(10): require_once('/var/www/html/v...')
#5 {main}
  thrown in /var/www/html/vigor/wp-content/themes/vigor/functions.php on line 5

2021-06-26T07:17:53+00:00 CRITICAL Uncaught Error: Class 'Vegor\Init\Setup' not found in /var/www/html/vigor/wp-content/themes/vigor/functions.php:5
Stack trace:
#0 /var/www/html/vigor/wp-settings.php(528): include()
#1 /var/www/html/vigor/wp-config.php(93): require_once('/var/www/html/v...')
#2 /var/www/html/vigor/wp-load.php(37): require_once('/var/www/html/v...')
#3 /var/www/html/vigor/wp-admin/admin.php(34): require_once('/var/www/html/v...')
#4 /var/www/html/vigor/wp-admin/index.php(10): require_once('/var/www/html/v...')
#5 {main}
  thrown in /var/www/html/vigor/wp-content/themes/vigor/functions.php on line 5

2021-06-26T08:39:19+00:00 CRITICAL Uncaught Error: Class 'Container' not found in /var/www/html/vigor/wp-content/themes/vigor/functions.php:93
Stack trace:
#0 /var/www/html/vigor/wp-includes/class-wp-hook.php(292): vg_attach_theme_options()
#1 /var/www/html/vigor/wp-includes/class-wp-hook.php(316): WP_Hook->apply_filters()
#2 /var/www/html/vigor/wp-includes/plugin.php(484): WP_Hook->do_action()
#3 /var/www/html/vigor/wp-content/themes/vigor/vendor/htmlburger/carbon-fields/core/Loader/Loader.php(113): do_action()
#4 /var/www/html/vigor/wp-includes/class-wp-hook.php(292): Carbon_Fields\Loader\Loader->trigger_fields_register()
#5 /var/www/html/vigor/wp-includes/class-wp-hook.php(316): WP_Hook->apply_filters()
#6 /var/www/html/vigor/wp-includes/plugin.php(484): WP_Hook->do_action()
#7 /var/www/html/vigor/wp-settings.php(560): do_action()
#8 /var/www/html/vigor/wp-config.php(93): require_once('/var/www/html/v...')
#9 /var/www/html/vigor/wp-load.php(37): require_once('/var/www/html/v...')
#10 /var/www/html/vigor/wp-admin/admin-ajax.php(22): require_ in /var/www/html/vigor/wp-content/themes/vigor/functions.php on line 93

2021-06-26T08:41:20+00:00 CRITICAL Uncaught Error: Class 'Container' not found in /var/www/html/vigor/wp-content/themes/vigor/functions.php:95
Stack trace:
#0 /var/www/html/vigor/wp-includes/class-wp-hook.php(292): vg_attach_theme_options()
#1 /var/www/html/vigor/wp-includes/class-wp-hook.php(316): WP_Hook->apply_filters()
#2 /var/www/html/vigor/wp-includes/plugin.php(484): WP_Hook->do_action()
#3 /var/www/html/vigor/wp-content/themes/vigor/vendor/htmlburger/carbon-fields/core/Loader/Loader.php(113): do_action()
#4 /var/www/html/vigor/wp-includes/class-wp-hook.php(292): Carbon_Fields\Loader\Loader->trigger_fields_register()
#5 /var/www/html/vigor/wp-includes/class-wp-hook.php(316): WP_Hook->apply_filters()
#6 /var/www/html/vigor/wp-includes/plugin.php(484): WP_Hook->do_action()
#7 /var/www/html/vigor/wp-settings.php(560): do_action()
#8 /var/www/html/vigor/wp-config.php(93): require_once('/var/www/html/v...')
#9 /var/www/html/vigor/wp-load.php(37): require_once('/var/www/html/v...')
#10 /var/www/html/vigor/wp-admin/admin-ajax.php(22): require_ in /var/www/html/vigor/wp-content/themes/vigor/functions.php on line 95

2021-06-26T08:52:13+00:00 CRITICAL require_once(): Failed opening required 'Customs/ThemeSettings.php' (include_path='.:/usr/share/php') in /var/www/html/vigor/wp-content/themes/vigor/functions.php on line 89

2021-06-26T08:54:14+00:00 CRITICAL require_once(): Failed opening required 'Customs/ThemeSettings.php' (include_path='.:/usr/share/php') in /var/www/html/vigor/wp-content/themes/vigor/functions.php on line 90

2021-06-26T08:56:15+00:00 CRITICAL require_once(): Failed opening required 'Vigor/Customs/ThemeSettings.php' (include_path='.:/usr/share/php') in /var/www/html/vigor/wp-content/themes/vigor/functions.php on line 91

2021-06-26T08:57:15+00:00 CRITICAL require_once(): Failed opening required 'Vigor/Customs/ThemeSettings.php' (include_path='.:/usr/share/php') in /var/www/html/vigor/wp-content/themes/vigor/functions.php on line 92

2021-06-26T08:57:18+00:00 CRITICAL require_once(): Failed opening required 'Vigor/Customs/ThemeSettings.php' (include_path='.:/usr/share/php') in /var/www/html/vigor/wp-content/themes/vigor/functions.php on line 92

2021-06-26T08:57:31+00:00 CRITICAL require_once(): Failed opening required 'Vigor/Customs/ThemeSettings.php' (include_path='.:/usr/share/php') in /var/www/html/vigor/wp-content/themes/vigor/functions.php on line 92

2021-06-26T08:57:32+00:00 CRITICAL require_once(): Failed opening required 'Vigor/Customs/ThemeSettings.php' (include_path='.:/usr/share/php') in /var/www/html/vigor/wp-content/themes/vigor/functions.php on line 92

2021-06-26T08:57:32+00:00 CRITICAL require_once(): Failed opening required 'Vigor/Customs/ThemeSettings.php' (include_path='.:/usr/share/php') in /var/www/html/vigor/wp-content/themes/vigor/functions.php on line 92

2021-06-26T08:57:51+00:00 CRITICAL require_once(): Failed opening required 'Vigor/Customs/ThemeSettings.php' (include_path='.:/usr/share/php') in /var/www/html/vigor/wp-content/themes/vigor/functions.php on line 92

2021-06-26T08:57:59+00:00 CRITICAL require_once(): Failed opening required 'Vigor/Customs/ThemeSettings.php' (include_path='.:/usr/share/php') in /var/www/html/vigor/wp-content/themes/vigor/functions.php on line 92

2021-06-26T08:58:00+00:00 CRITICAL require_once(): Failed opening required 'Vigor/Customs/ThemeSettings.php' (include_path='.:/usr/share/php') in /var/www/html/vigor/wp-content/themes/vigor/functions.php on line 92

2021-06-26T08:58:00+00:00 CRITICAL require_once(): Failed opening required 'Vigor/Customs/ThemeSettings.php' (include_path='.:/usr/share/php') in /var/www/html/vigor/wp-content/themes/vigor/functions.php on line 92

2021-06-26T08:58:00+00:00 CRITICAL require_once(): Failed opening required 'Vigor/Customs/ThemeSettings.php' (include_path='.:/usr/share/php') in /var/www/html/vigor/wp-content/themes/vigor/functions.php on line 92

2021-06-26T08:58:01+00:00 CRITICAL require_once(): Failed opening required 'Vigor/Customs/ThemeSettings.php' (include_path='.:/usr/share/php') in /var/www/html/vigor/wp-content/themes/vigor/functions.php on line 92

2021-06-26T08:58:01+00:00 CRITICAL require_once(): Failed opening required 'Vigor/Customs/ThemeSettings.php' (include_path='.:/usr/share/php') in /var/www/html/vigor/wp-content/themes/vigor/functions.php on line 92

2021-06-26T08:58:01+00:00 CRITICAL require_once(): Failed opening required 'Vigor/Customs/ThemeSettings.php' (include_path='.:/usr/share/php') in /var/www/html/vigor/wp-content/themes/vigor/functions.php on line 92

2021-06-26T08:58:02+00:00 CRITICAL require_once(): Failed opening required 'Vigor/Customs/ThemeSettings.php' (include_path='.:/usr/share/php') in /var/www/html/vigor/wp-content/themes/vigor/functions.php on line 92

2021-06-26T08:58:12+00:00 CRITICAL require_once(): Failed opening required 'Vigor/Customs/ThemeSettings.php' (include_path='.:/usr/share/php') in /var/www/html/vigor/wp-content/themes/vigor/functions.php on line 92

2021-06-26T08:58:12+00:00 CRITICAL require_once(): Failed opening required 'Vigor/Customs/ThemeSettings.php' (include_path='.:/usr/share/php') in /var/www/html/vigor/wp-content/themes/vigor/functions.php on line 92

2021-06-26T08:58:38+00:00 CRITICAL syntax error, unexpected 'require_once' (T_REQUIRE_ONCE), expecting ';' or ',' in /var/www/html/vigor/wp-content/themes/vigor/functions.php on line 93

2021-06-26T08:58:46+00:00 CRITICAL require_once(): Failed opening required 'Vigor/Customs/ThemeSettings.php' (include_path='.:/usr/share/php') in /var/www/html/vigor/wp-content/themes/vigor/functions.php on line 92

2021-06-26T08:59:05+00:00 CRITICAL require_once(): Failed opening required 'Vigor/Customs/ThemeSettings.php' (include_path='.:/usr/share/php') in /var/www/html/vigor/wp-content/themes/vigor/functions.php on line 92

2021-06-26T08:59:08+00:00 CRITICAL require_once(): Failed opening required 'Vigor/Customs/ThemeSettings.php' (include_path='.:/usr/share/php') in /var/www/html/vigor/wp-content/themes/vigor/functions.php on line 92

2021-06-26T08:59:10+00:00 CRITICAL require_once(): Failed opening required 'Vigor/Customs/ThemeSettings.php' (include_path='.:/usr/share/php') in /var/www/html/vigor/wp-content/themes/vigor/functions.php on line 92

2021-06-26T08:59:10+00:00 CRITICAL require_once(): Failed opening required 'Vigor/Customs/ThemeSettings.php' (include_path='.:/usr/share/php') in /var/www/html/vigor/wp-content/themes/vigor/functions.php on line 92

2021-06-26T08:59:30+00:00 CRITICAL require_once(): Failed opening required 'Vigor/Customs/ThemeSettings.php' (include_path='.:/usr/share/php') in /var/www/html/vigor/wp-content/themes/vigor/functions.php on line 92

2021-06-26T08:59:30+00:00 CRITICAL require_once(): Failed opening required 'Vigor/Customs/ThemeSettings.php' (include_path='.:/usr/share/php') in /var/www/html/vigor/wp-content/themes/vigor/functions.php on line 92

2021-06-26T08:59:31+00:00 CRITICAL require_once(): Failed opening required 'Vigor/Customs/ThemeSettings.php' (include_path='.:/usr/share/php') in /var/www/html/vigor/wp-content/themes/vigor/functions.php on line 92

2021-06-26T08:59:31+00:00 CRITICAL require_once(): Failed opening required 'Vigor/Customs/ThemeSettings.php' (include_path='.:/usr/share/php') in /var/www/html/vigor/wp-content/themes/vigor/functions.php on line 92

2021-06-26T08:59:32+00:00 CRITICAL require_once(): Failed opening required 'Vigor/Customs/ThemeSettings.php' (include_path='.:/usr/share/php') in /var/www/html/vigor/wp-content/themes/vigor/functions.php on line 92

2021-06-26T08:59:32+00:00 CRITICAL require_once(): Failed opening required 'Vigor/Customs/ThemeSettings.php' (include_path='.:/usr/share/php') in /var/www/html/vigor/wp-content/themes/vigor/functions.php on line 92

2021-06-26T08:59:32+00:00 CRITICAL require_once(): Failed opening required 'Vigor/Customs/ThemeSettings.php' (include_path='.:/usr/share/php') in /var/www/html/vigor/wp-content/themes/vigor/functions.php on line 92

2021-06-26T08:59:33+00:00 CRITICAL require_once(): Failed opening required 'Vigor/Customs/ThemeSettings.php' (include_path='.:/usr/share/php') in /var/www/html/vigor/wp-content/themes/vigor/functions.php on line 92

2021-06-26T08:59:33+00:00 CRITICAL require_once(): Failed opening required 'Vigor/Customs/ThemeSettings.php' (include_path='.:/usr/share/php') in /var/www/html/vigor/wp-content/themes/vigor/functions.php on line 92

2021-06-26T08:59:34+00:00 CRITICAL require_once(): Failed opening required 'Vigor/Customs/ThemeSettings.php' (include_path='.:/usr/share/php') in /var/www/html/vigor/wp-content/themes/vigor/functions.php on line 92

2021-06-26T08:59:34+00:00 CRITICAL require_once(): Failed opening required 'Vigor/Customs/ThemeSettings.php' (include_path='.:/usr/share/php') in /var/www/html/vigor/wp-content/themes/vigor/functions.php on line 92

2021-06-26T08:59:40+00:00 CRITICAL require_once(): Failed opening required 'Vigor/Customs/ThemeSettings.php' (include_path='.:/usr/share/php') in /var/www/html/vigor/wp-content/themes/vigor/functions.php on line 92

2021-06-26T08:59:40+00:00 CRITICAL require_once(): Failed opening required 'Vigor/Customs/ThemeSettings.php' (include_path='.:/usr/share/php') in /var/www/html/vigor/wp-content/themes/vigor/functions.php on line 92

2021-06-26T08:59:40+00:00 CRITICAL require_once(): Failed opening required 'Vigor/Customs/ThemeSettings.php' (include_path='.:/usr/share/php') in /var/www/html/vigor/wp-content/themes/vigor/functions.php on line 92

2021-06-26T08:59:41+00:00 CRITICAL require_once(): Failed opening required 'Vigor/Customs/ThemeSettings.php' (include_path='.:/usr/share/php') in /var/www/html/vigor/wp-content/themes/vigor/functions.php on line 92

2021-06-26T08:59:41+00:00 CRITICAL require_once(): Failed opening required 'Vigor/Customs/ThemeSettings.php' (include_path='.:/usr/share/php') in /var/www/html/vigor/wp-content/themes/vigor/functions.php on line 92

2021-06-26T08:59:41+00:00 CRITICAL require_once(): Failed opening required 'Vigor/Customs/ThemeSettings.php' (include_path='.:/usr/share/php') in /var/www/html/vigor/wp-content/themes/vigor/functions.php on line 92

2021-06-26T08:59:42+00:00 CRITICAL require_once(): Failed opening required 'Vigor/Customs/ThemeSettings.php' (include_path='.:/usr/share/php') in /var/www/html/vigor/wp-content/themes/vigor/functions.php on line 92

2021-06-26T08:59:42+00:00 CRITICAL require_once(): Failed opening required 'Vigor/Customs/ThemeSettings.php' (include_path='.:/usr/share/php') in /var/www/html/vigor/wp-content/themes/vigor/functions.php on line 92

2021-06-26T08:59:43+00:00 CRITICAL require_once(): Failed opening required 'Vigor/Customs/ThemeSettings.php' (include_path='.:/usr/share/php') in /var/www/html/vigor/wp-content/themes/vigor/functions.php on line 92

2021-06-26T08:59:46+00:00 CRITICAL require_once(): Failed opening required 'Vigor/Customs/ThemeSettings.php' (include_path='.:/usr/share/php') in /var/www/html/vigor/wp-content/themes/vigor/functions.php on line 92

2021-06-26T08:59:47+00:00 CRITICAL require_once(): Failed opening required 'Vigor/Customs/ThemeSettings.php' (include_path='.:/usr/share/php') in /var/www/html/vigor/wp-content/themes/vigor/functions.php on line 92

2021-06-26T08:59:47+00:00 CRITICAL require_once(): Failed opening required 'Vigor/Customs/ThemeSettings.php' (include_path='.:/usr/share/php') in /var/www/html/vigor/wp-content/themes/vigor/functions.php on line 92

2021-06-26T08:59:47+00:00 CRITICAL require_once(): Failed opening required 'Vigor/Customs/ThemeSettings.php' (include_path='.:/usr/share/php') in /var/www/html/vigor/wp-content/themes/vigor/functions.php on line 92

2021-06-26T08:59:48+00:00 CRITICAL require_once(): Failed opening required 'Vigor/Customs/ThemeSettings.php' (include_path='.:/usr/share/php') in /var/www/html/vigor/wp-content/themes/vigor/functions.php on line 92

2021-06-26T08:59:48+00:00 CRITICAL require_once(): Failed opening required 'Vigor/Customs/ThemeSettings.php' (include_path='.:/usr/share/php') in /var/www/html/vigor/wp-content/themes/vigor/functions.php on line 92

2021-06-26T08:59:49+00:00 CRITICAL require_once(): Failed opening required 'Vigor/Customs/ThemeSettings.php' (include_path='.:/usr/share/php') in /var/www/html/vigor/wp-content/themes/vigor/functions.php on line 92

2021-06-26T08:59:49+00:00 CRITICAL require_once(): Failed opening required 'Vigor/Customs/ThemeSettings.php' (include_path='.:/usr/share/php') in /var/www/html/vigor/wp-content/themes/vigor/functions.php on line 92

2021-06-26T08:59:50+00:00 CRITICAL require_once(): Failed opening required 'Vigor/Customs/ThemeSettings.php' (include_path='.:/usr/share/php') in /var/www/html/vigor/wp-content/themes/vigor/functions.php on line 92

2021-06-26T08:59:50+00:00 CRITICAL require_once(): Failed opening required 'Vigor/Customs/ThemeSettings.php' (include_path='.:/usr/share/php') in /var/www/html/vigor/wp-content/themes/vigor/functions.php on line 92

2021-06-26T08:59:51+00:00 CRITICAL require_once(): Failed opening required 'Vigor/Customs/ThemeSettings.php' (include_path='.:/usr/share/php') in /var/www/html/vigor/wp-content/themes/vigor/functions.php on line 92

2021-06-26T08:59:51+00:00 CRITICAL require_once(): Failed opening required 'Vigor/Customs/ThemeSettings.php' (include_path='.:/usr/share/php') in /var/www/html/vigor/wp-content/themes/vigor/functions.php on line 92

2021-06-26T09:01:17+00:00 CRITICAL require_once(): Failed opening required 'Vigor/Customs/ThemeSettings.php' (include_path='.:/usr/share/php') in /var/www/html/vigor/wp-content/themes/vigor/functions.php on line 92

2021-06-26T09:01:18+00:00 CRITICAL require_once(): Failed opening required 'Vigor/Customs/ThemeSettings.php' (include_path='.:/usr/share/php') in /var/www/html/vigor/wp-content/themes/vigor/functions.php on line 92

2021-06-26T09:01:37+00:00 CRITICAL require_once(): Failed opening required 'Vigor/Customs/ThemeSettings.php' (include_path='.:/usr/share/php') in /var/www/html/vigor/wp-content/themes/vigor/functions.php on line 92

2021-06-26T09:01:38+00:00 CRITICAL require_once(): Failed opening required 'Vigor/Customs/ThemeSettings.php' (include_path='.:/usr/share/php') in /var/www/html/vigor/wp-content/themes/vigor/functions.php on line 92

2021-06-26T09:01:39+00:00 CRITICAL require_once(): Failed opening required 'Vigor/Customs/ThemeSettings.php' (include_path='.:/usr/share/php') in /var/www/html/vigor/wp-content/themes/vigor/functions.php on line 92

2021-06-26T09:01:41+00:00 CRITICAL require_once(): Failed opening required 'Vigor/Customs/ThemeSettings.php' (include_path='.:/usr/share/php') in /var/www/html/vigor/wp-content/themes/vigor/functions.php on line 92

2021-06-26T09:01:41+00:00 CRITICAL require_once(): Failed opening required 'Vigor/Customs/ThemeSettings.php' (include_path='.:/usr/share/php') in /var/www/html/vigor/wp-content/themes/vigor/functions.php on line 92

2021-06-26T09:01:42+00:00 CRITICAL require_once(): Failed opening required 'Vigor/Customs/ThemeSettings.php' (include_path='.:/usr/share/php') in /var/www/html/vigor/wp-content/themes/vigor/functions.php on line 92

2021-06-26T09:01:42+00:00 CRITICAL require_once(): Failed opening required 'Vigor/Customs/ThemeSettings.php' (include_path='.:/usr/share/php') in /var/www/html/vigor/wp-content/themes/vigor/functions.php on line 92

2021-06-26T09:01:46+00:00 CRITICAL require_once(): Failed opening required 'Vigor/Customs/ThemeSettings.php' (include_path='.:/usr/share/php') in /var/www/html/vigor/wp-content/themes/vigor/functions.php on line 92

2021-06-26T09:01:47+00:00 CRITICAL require_once(): Failed opening required 'Vigor/Customs/ThemeSettings.php' (include_path='.:/usr/share/php') in /var/www/html/vigor/wp-content/themes/vigor/functions.php on line 92

2021-06-26T09:01:48+00:00 CRITICAL require_once(): Failed opening required 'Vigor/Customs/ThemeSettings.php' (include_path='.:/usr/share/php') in /var/www/html/vigor/wp-content/themes/vigor/functions.php on line 92

2021-06-26T09:01:48+00:00 CRITICAL require_once(): Failed opening required 'Vigor/Customs/ThemeSettings.php' (include_path='.:/usr/share/php') in /var/www/html/vigor/wp-content/themes/vigor/functions.php on line 92

2021-06-26T09:01:48+00:00 CRITICAL require_once(): Failed opening required 'Vigor/Customs/ThemeSettings.php' (include_path='.:/usr/share/php') in /var/www/html/vigor/wp-content/themes/vigor/functions.php on line 92

2021-06-26T09:02:38+00:00 CRITICAL require_once(): Failed opening required 'Vigor/Customs/ThemeSettings.php' (include_path='.:/usr/share/php') in /var/www/html/vigor/wp-content/themes/vigor/functions.php on line 92

2021-06-26T09:02:39+00:00 CRITICAL require_once(): Failed opening required 'Vigor/Customs/ThemeSettings.php' (include_path='.:/usr/share/php') in /var/www/html/vigor/wp-content/themes/vigor/functions.php on line 92

2021-06-26T09:02:39+00:00 CRITICAL require_once(): Failed opening required 'Vigor/Customs/ThemeSettings.php' (include_path='.:/usr/share/php') in /var/www/html/vigor/wp-content/themes/vigor/functions.php on line 92

2021-06-26T09:02:40+00:00 CRITICAL require_once(): Failed opening required 'Vigor/Customs/ThemeSettings.php' (include_path='.:/usr/share/php') in /var/www/html/vigor/wp-content/themes/vigor/functions.php on line 92

2021-06-26T09:03:32+00:00 CRITICAL require_once(): Failed opening required 'Vigor/Customs/ThemeSettings.php' (include_path='.:/usr/share/php') in /var/www/html/vigor/wp-content/themes/vigor/functions.php on line 94

2021-06-26T09:03:33+00:00 CRITICAL require_once(): Failed opening required 'Vigor/Customs/ThemeSettings.php' (include_path='.:/usr/share/php') in /var/www/html/vigor/wp-content/themes/vigor/functions.php on line 94

2021-06-26T09:03:33+00:00 CRITICAL require_once(): Failed opening required 'Vigor/Customs/ThemeSettings.php' (include_path='.:/usr/share/php') in /var/www/html/vigor/wp-content/themes/vigor/functions.php on line 94

2021-06-26T09:03:34+00:00 CRITICAL require_once(): Failed opening required 'Vigor/Customs/ThemeSettings.php' (include_path='.:/usr/share/php') in /var/www/html/vigor/wp-content/themes/vigor/functions.php on line 94

2021-06-26T09:03:34+00:00 CRITICAL require_once(): Failed opening required 'Vigor/Customs/ThemeSettings.php' (include_path='.:/usr/share/php') in /var/www/html/vigor/wp-content/themes/vigor/functions.php on line 94

2021-06-26T09:03:34+00:00 CRITICAL require_once(): Failed opening required 'Vigor/Customs/ThemeSettings.php' (include_path='.:/usr/share/php') in /var/www/html/vigor/wp-content/themes/vigor/functions.php on line 94

2021-06-26T09:03:35+00:00 CRITICAL require_once(): Failed opening required 'Vigor/Customs/ThemeSettings.php' (include_path='.:/usr/share/php') in /var/www/html/vigor/wp-content/themes/vigor/functions.php on line 94

2021-06-26T09:03:35+00:00 CRITICAL require_once(): Failed opening required 'Vigor/Customs/ThemeSettings.php' (include_path='.:/usr/share/php') in /var/www/html/vigor/wp-content/themes/vigor/functions.php on line 94

2021-06-26T09:03:36+00:00 CRITICAL require_once(): Failed opening required 'Vigor/Customs/ThemeSettings.php' (include_path='.:/usr/share/php') in /var/www/html/vigor/wp-content/themes/vigor/functions.php on line 94

2021-06-26T09:03:36+00:00 CRITICAL require_once(): Failed opening required 'Vigor/Customs/ThemeSettings.php' (include_path='.:/usr/share/php') in /var/www/html/vigor/wp-content/themes/vigor/functions.php on line 94

2021-06-26T09:03:37+00:00 CRITICAL require_once(): Failed opening required 'Vigor/Customs/ThemeSettings.php' (include_path='.:/usr/share/php') in /var/www/html/vigor/wp-content/themes/vigor/functions.php on line 94

2021-06-26T09:03:37+00:00 CRITICAL require_once(): Failed opening required 'Vigor/Customs/ThemeSettings.php' (include_path='.:/usr/share/php') in /var/www/html/vigor/wp-content/themes/vigor/functions.php on line 94

2021-06-26T09:03:37+00:00 CRITICAL require_once(): Failed opening required 'Vigor/Customs/ThemeSettings.php' (include_path='.:/usr/share/php') in /var/www/html/vigor/wp-content/themes/vigor/functions.php on line 94

2021-06-26T09:04:28+00:00 CRITICAL require_once(): Failed opening required 'Vigor/Customs/ThemeSettings.php' (include_path='.:/usr/share/php') in /var/www/html/vigor/wp-content/themes/vigor/functions.php on line 92

2021-06-26T09:04:47+00:00 CRITICAL require_once(): Failed opening required 'Vigor/Customs/ThemeSettings.php' (include_path='.:/usr/share/php') in /var/www/html/vigor/wp-content/themes/vigor/functions.php on line 92

2021-06-26T09:04:48+00:00 CRITICAL require_once(): Failed opening required 'Vigor/Customs/ThemeSettings.php' (include_path='.:/usr/share/php') in /var/www/html/vigor/wp-content/themes/vigor/functions.php on line 92

2021-06-26T09:04:49+00:00 CRITICAL require_once(): Failed opening required 'Vigor/Customs/ThemeSettings.php' (include_path='.:/usr/share/php') in /var/www/html/vigor/wp-content/themes/vigor/functions.php on line 92

2021-06-26T09:04:49+00:00 CRITICAL require_once(): Failed opening required 'Vigor/Customs/ThemeSettings.php' (include_path='.:/usr/share/php') in /var/www/html/vigor/wp-content/themes/vigor/functions.php on line 92

2021-06-26T09:04:49+00:00 CRITICAL require_once(): Failed opening required 'Vigor/Customs/ThemeSettings.php' (include_path='.:/usr/share/php') in /var/www/html/vigor/wp-content/themes/vigor/functions.php on line 92

2021-06-26T09:04:50+00:00 CRITICAL require_once(): Failed opening required 'Vigor/Customs/ThemeSettings.php' (include_path='.:/usr/share/php') in /var/www/html/vigor/wp-content/themes/vigor/functions.php on line 92

2021-06-26T09:04:50+00:00 CRITICAL require_once(): Failed opening required 'Vigor/Customs/ThemeSettings.php' (include_path='.:/usr/share/php') in /var/www/html/vigor/wp-content/themes/vigor/functions.php on line 92

2021-06-26T09:04:51+00:00 CRITICAL require_once(): Failed opening required 'Vigor/Customs/ThemeSettings.php' (include_path='.:/usr/share/php') in /var/www/html/vigor/wp-content/themes/vigor/functions.php on line 92

2021-06-26T09:04:51+00:00 CRITICAL require_once(): Failed opening required 'Vigor/Customs/ThemeSettings.php' (include_path='.:/usr/share/php') in /var/www/html/vigor/wp-content/themes/vigor/functions.php on line 92

2021-06-26T09:04:52+00:00 CRITICAL require_once(): Failed opening required 'Vigor/Customs/ThemeSettings.php' (include_path='.:/usr/share/php') in /var/www/html/vigor/wp-content/themes/vigor/functions.php on line 92

2021-06-26T09:04:52+00:00 CRITICAL require_once(): Failed opening required 'Vigor/Customs/ThemeSettings.php' (include_path='.:/usr/share/php') in /var/www/html/vigor/wp-content/themes/vigor/functions.php on line 92

2021-06-26T09:04:53+00:00 CRITICAL require_once(): Failed opening required 'Vigor/Customs/ThemeSettings.php' (include_path='.:/usr/share/php') in /var/www/html/vigor/wp-content/themes/vigor/functions.php on line 92

2021-06-26T09:04:53+00:00 CRITICAL require_once(): Failed opening required 'Vigor/Customs/ThemeSettings.php' (include_path='.:/usr/share/php') in /var/www/html/vigor/wp-content/themes/vigor/functions.php on line 92

2021-06-26T09:04:56+00:00 CRITICAL require_once(): Failed opening required 'Vigor/Customs/ThemeSettings.php' (include_path='.:/usr/share/php') in /var/www/html/vigor/wp-content/themes/vigor/functions.php on line 92

2021-06-26T09:04:57+00:00 CRITICAL require_once(): Failed opening required 'Vigor/Customs/ThemeSettings.php' (include_path='.:/usr/share/php') in /var/www/html/vigor/wp-content/themes/vigor/functions.php on line 92

2021-06-26T09:04:57+00:00 CRITICAL require_once(): Failed opening required 'Vigor/Customs/ThemeSettings.php' (include_path='.:/usr/share/php') in /var/www/html/vigor/wp-content/themes/vigor/functions.php on line 92

2021-06-26T09:04:57+00:00 CRITICAL require_once(): Failed opening required 'Vigor/Customs/ThemeSettings.php' (include_path='.:/usr/share/php') in /var/www/html/vigor/wp-content/themes/vigor/functions.php on line 92

2021-06-26T09:04:58+00:00 CRITICAL require_once(): Failed opening required 'Vigor/Customs/ThemeSettings.php' (include_path='.:/usr/share/php') in /var/www/html/vigor/wp-content/themes/vigor/functions.php on line 92

2021-06-26T09:04:58+00:00 CRITICAL require_once(): Failed opening required 'Vigor/Customs/ThemeSettings.php' (include_path='.:/usr/share/php') in /var/www/html/vigor/wp-content/themes/vigor/functions.php on line 92

2021-06-26T09:04:58+00:00 CRITICAL require_once(): Failed opening required 'Vigor/Customs/ThemeSettings.php' (include_path='.:/usr/share/php') in /var/www/html/vigor/wp-content/themes/vigor/functions.php on line 92

2021-06-26T09:04:59+00:00 CRITICAL require_once(): Failed opening required 'Vigor/Customs/ThemeSettings.php' (include_path='.:/usr/share/php') in /var/www/html/vigor/wp-content/themes/vigor/functions.php on line 92

2021-06-26T09:04:59+00:00 CRITICAL require_once(): Failed opening required 'Vigor/Customs/ThemeSettings.php' (include_path='.:/usr/share/php') in /var/www/html/vigor/wp-content/themes/vigor/functions.php on line 92

2021-06-26T09:04:59+00:00 CRITICAL require_once(): Failed opening required 'Vigor/Customs/ThemeSettings.php' (include_path='.:/usr/share/php') in /var/www/html/vigor/wp-content/themes/vigor/functions.php on line 92

2021-06-26T09:05:00+00:00 CRITICAL require_once(): Failed opening required 'Vigor/Customs/ThemeSettings.php' (include_path='.:/usr/share/php') in /var/www/html/vigor/wp-content/themes/vigor/functions.php on line 92

2021-06-26T09:05:00+00:00 CRITICAL require_once(): Failed opening required 'Vigor/Customs/ThemeSettings.php' (include_path='.:/usr/share/php') in /var/www/html/vigor/wp-content/themes/vigor/functions.php on line 92

2021-06-26T09:05:01+00:00 CRITICAL require_once(): Failed opening required 'Vigor/Customs/ThemeSettings.php' (include_path='.:/usr/share/php') in /var/www/html/vigor/wp-content/themes/vigor/functions.php on line 92

2021-06-26T09:05:41+00:00 CRITICAL require_once(): Failed opening required 'Vigor/Customs/ThemeSettings.php' (include_path='.:/usr/share/php') in /var/www/html/vigor/wp-content/themes/vigor/functions.php on line 89

2021-06-26T09:05:42+00:00 CRITICAL require_once(): Failed opening required 'Vigor/Customs/ThemeSettings.php' (include_path='.:/usr/share/php') in /var/www/html/vigor/wp-content/themes/vigor/functions.php on line 89

2021-06-26T09:05:43+00:00 CRITICAL require_once(): Failed opening required 'Vigor/Customs/ThemeSettings.php' (include_path='.:/usr/share/php') in /var/www/html/vigor/wp-content/themes/vigor/functions.php on line 89

2021-06-26T09:05:52+00:00 CRITICAL require_once(): Failed opening required 'Vigor/Customs/ThemeSettings.php' (include_path='.:/usr/share/php') in /var/www/html/vigor/wp-content/themes/vigor/functions.php on line 89

2021-06-26T09:06:17+00:00 CRITICAL require_once(): Failed opening required 'Vigor/Customs/ThemeSettings.php' (include_path='.:/usr/share/php') in /var/www/html/vigor/wp-content/themes/vigor/functions.php on line 92

2021-06-26T09:08:14+00:00 CRITICAL Uncaught Error: Class 'Vigor\Customs\ThemeSettings' not found in /var/www/html/vigor/wp-content/themes/vigor/functions.php:95
Stack trace:
#0 /var/www/html/vigor/wp-includes/class-wp-hook.php(292): vg_attach_theme_options()
#1 /var/www/html/vigor/wp-includes/class-wp-hook.php(316): WP_Hook->apply_filters()
#2 /var/www/html/vigor/wp-includes/plugin.php(484): WP_Hook->do_action()
#3 /var/www/html/vigor/wp-settings.php(538): do_action()
#4 /var/www/html/vigor/wp-config.php(93): require_once('/var/www/html/v...')
#5 /var/www/html/vigor/wp-load.php(37): require_once('/var/www/html/v...')
#6 /var/www/html/vigor/wp-admin/admin.php(34): require_once('/var/www/html/v...')
#7 /var/www/html/vigor/wp-admin/themes.php(10): require_once('/var/www/html/v...')
#8 {main}
  thrown in /var/www/html/vigor/wp-content/themes/vigor/functions.php on line 95

2021-06-26T09:08:15+00:00 CRITICAL Uncaught Error: Class 'Vigor\Customs\ThemeSettings' not found in /var/www/html/vigor/wp-content/themes/vigor/functions.php:95
Stack trace:
#0 /var/www/html/vigor/wp-includes/class-wp-hook.php(292): vg_attach_theme_options()
#1 /var/www/html/vigor/wp-includes/class-wp-hook.php(316): WP_Hook->apply_filters()
#2 /var/www/html/vigor/wp-includes/plugin.php(484): WP_Hook->do_action()
#3 /var/www/html/vigor/wp-settings.php(538): do_action()
#4 /var/www/html/vigor/wp-config.php(93): require_once('/var/www/html/v...')
#5 /var/www/html/vigor/wp-load.php(37): require_once('/var/www/html/v...')
#6 /var/www/html/vigor/wp-admin/admin.php(34): require_once('/var/www/html/v...')
#7 /var/www/html/vigor/wp-admin/themes.php(10): require_once('/var/www/html/v...')
#8 {main}
  thrown in /var/www/html/vigor/wp-content/themes/vigor/functions.php on line 95

2021-06-26T09:08:15+00:00 CRITICAL Uncaught Error: Class 'Vigor\Customs\ThemeSettings' not found in /var/www/html/vigor/wp-content/themes/vigor/functions.php:95
Stack trace:
#0 /var/www/html/vigor/wp-includes/class-wp-hook.php(292): vg_attach_theme_options()
#1 /var/www/html/vigor/wp-includes/class-wp-hook.php(316): WP_Hook->apply_filters()
#2 /var/www/html/vigor/wp-includes/plugin.php(484): WP_Hook->do_action()
#3 /var/www/html/vigor/wp-settings.php(538): do_action()
#4 /var/www/html/vigor/wp-config.php(93): require_once('/var/www/html/v...')
#5 /var/www/html/vigor/wp-load.php(37): require_once('/var/www/html/v...')
#6 /var/www/html/vigor/wp-admin/admin.php(34): require_once('/var/www/html/v...')
#7 /var/www/html/vigor/wp-admin/themes.php(10): require_once('/var/www/html/v...')
#8 {main}
  thrown in /var/www/html/vigor/wp-content/themes/vigor/functions.php on line 95

2021-06-26T09:08:16+00:00 CRITICAL Uncaught Error: Class 'Vigor\Customs\ThemeSettings' not found in /var/www/html/vigor/wp-content/themes/vigor/functions.php:95
Stack trace:
#0 /var/www/html/vigor/wp-includes/class-wp-hook.php(292): vg_attach_theme_options()
#1 /var/www/html/vigor/wp-includes/class-wp-hook.php(316): WP_Hook->apply_filters()
#2 /var/www/html/vigor/wp-includes/plugin.php(484): WP_Hook->do_action()
#3 /var/www/html/vigor/wp-settings.php(538): do_action()
#4 /var/www/html/vigor/wp-config.php(93): require_once('/var/www/html/v...')
#5 /var/www/html/vigor/wp-load.php(37): require_once('/var/www/html/v...')
#6 /var/www/html/vigor/wp-admin/admin.php(34): require_once('/var/www/html/v...')
#7 /var/www/html/vigor/wp-admin/themes.php(10): require_once('/var/www/html/v...')
#8 {main}
  thrown in /var/www/html/vigor/wp-content/themes/vigor/functions.php on line 95

2021-06-26T09:08:16+00:00 CRITICAL Uncaught Error: Class 'Vigor\Customs\ThemeSettings' not found in /var/www/html/vigor/wp-content/themes/vigor/functions.php:95
Stack trace:
#0 /var/www/html/vigor/wp-includes/class-wp-hook.php(292): vg_attach_theme_options()
#1 /var/www/html/vigor/wp-includes/class-wp-hook.php(316): WP_Hook->apply_filters()
#2 /var/www/html/vigor/wp-includes/plugin.php(484): WP_Hook->do_action()
#3 /var/www/html/vigor/wp-settings.php(538): do_action()
#4 /var/www/html/vigor/wp-config.php(93): require_once('/var/www/html/v...')
#5 /var/www/html/vigor/wp-load.php(37): require_once('/var/www/html/v...')
#6 /var/www/html/vigor/wp-admin/admin.php(34): require_once('/var/www/html/v...')
#7 /var/www/html/vigor/wp-admin/themes.php(10): require_once('/var/www/html/v...')
#8 {main}
  thrown in /var/www/html/vigor/wp-content/themes/vigor/functions.php on line 95

2021-06-26T09:08:16+00:00 CRITICAL Uncaught Error: Class 'Vigor\Customs\ThemeSettings' not found in /var/www/html/vigor/wp-content/themes/vigor/functions.php:95
Stack trace:
#0 /var/www/html/vigor/wp-includes/class-wp-hook.php(292): vg_attach_theme_options()
#1 /var/www/html/vigor/wp-includes/class-wp-hook.php(316): WP_Hook->apply_filters()
#2 /var/www/html/vigor/wp-includes/plugin.php(484): WP_Hook->do_action()
#3 /var/www/html/vigor/wp-settings.php(538): do_action()
#4 /var/www/html/vigor/wp-config.php(93): require_once('/var/www/html/v...')
#5 /var/www/html/vigor/wp-load.php(37): require_once('/var/www/html/v...')
#6 /var/www/html/vigor/wp-admin/admin.php(34): require_once('/var/www/html/v...')
#7 /var/www/html/vigor/wp-admin/themes.php(10): require_once('/var/www/html/v...')
#8 {main}
  thrown in /var/www/html/vigor/wp-content/themes/vigor/functions.php on line 95

2021-06-26T09:08:17+00:00 CRITICAL Uncaught Error: Class 'Vigor\Customs\ThemeSettings' not found in /var/www/html/vigor/wp-content/themes/vigor/functions.php:95
Stack trace:
#0 /var/www/html/vigor/wp-includes/class-wp-hook.php(292): vg_attach_theme_options()
#1 /var/www/html/vigor/wp-includes/class-wp-hook.php(316): WP_Hook->apply_filters()
#2 /var/www/html/vigor/wp-includes/plugin.php(484): WP_Hook->do_action()
#3 /var/www/html/vigor/wp-settings.php(538): do_action()
#4 /var/www/html/vigor/wp-config.php(93): require_once('/var/www/html/v...')
#5 /var/www/html/vigor/wp-load.php(37): require_once('/var/www/html/v...')
#6 /var/www/html/vigor/wp-admin/admin.php(34): require_once('/var/www/html/v...')
#7 /var/www/html/vigor/wp-admin/themes.php(10): require_once('/var/www/html/v...')
#8 {main}
  thrown in /var/www/html/vigor/wp-content/themes/vigor/functions.php on line 95

2021-06-26T09:08:17+00:00 CRITICAL Uncaught Error: Class 'Vigor\Customs\ThemeSettings' not found in /var/www/html/vigor/wp-content/themes/vigor/functions.php:95
Stack trace:
#0 /var/www/html/vigor/wp-includes/class-wp-hook.php(292): vg_attach_theme_options()
#1 /var/www/html/vigor/wp-includes/class-wp-hook.php(316): WP_Hook->apply_filters()
#2 /var/www/html/vigor/wp-includes/plugin.php(484): WP_Hook->do_action()
#3 /var/www/html/vigor/wp-settings.php(538): do_action()
#4 /var/www/html/vigor/wp-config.php(93): require_once('/var/www/html/v...')
#5 /var/www/html/vigor/wp-load.php(37): require_once('/var/www/html/v...')
#6 /var/www/html/vigor/wp-admin/admin.php(34): require_once('/var/www/html/v...')
#7 /var/www/html/vigor/wp-admin/themes.php(10): require_once('/var/www/html/v...')
#8 {main}
  thrown in /var/www/html/vigor/wp-content/themes/vigor/functions.php on line 95

2021-06-26T09:08:18+00:00 CRITICAL Uncaught Error: Class 'Vigor\Customs\ThemeSettings' not found in /var/www/html/vigor/wp-content/themes/vigor/functions.php:95
Stack trace:
#0 /var/www/html/vigor/wp-includes/class-wp-hook.php(292): vg_attach_theme_options()
#1 /var/www/html/vigor/wp-includes/class-wp-hook.php(316): WP_Hook->apply_filters()
#2 /var/www/html/vigor/wp-includes/plugin.php(484): WP_Hook->do_action()
#3 /var/www/html/vigor/wp-settings.php(538): do_action()
#4 /var/www/html/vigor/wp-config.php(93): require_once('/var/www/html/v...')
#5 /var/www/html/vigor/wp-load.php(37): require_once('/var/www/html/v...')
#6 /var/www/html/vigor/wp-admin/admin.php(34): require_once('/var/www/html/v...')
#7 /var/www/html/vigor/wp-admin/themes.php(10): require_once('/var/www/html/v...')
#8 {main}
  thrown in /var/www/html/vigor/wp-content/themes/vigor/functions.php on line 95

2021-06-26T09:10:54+00:00 CRITICAL require_once(): Failed opening required 'Vigor/Customs/ThemeSettings.php' (include_path='.:/usr/share/php') in /var/www/html/vigor/wp-content/themes/vigor/functions.php on line 83

2021-06-26T09:10:55+00:00 CRITICAL require_once(): Failed opening required 'Vigor/Customs/ThemeSettings.php' (include_path='.:/usr/share/php') in /var/www/html/vigor/wp-content/themes/vigor/functions.php on line 83

2021-06-26T09:10:56+00:00 CRITICAL require_once(): Failed opening required 'Vigor/Customs/ThemeSettings.php' (include_path='.:/usr/share/php') in /var/www/html/vigor/wp-content/themes/vigor/functions.php on line 83

2021-06-26T09:10:56+00:00 CRITICAL require_once(): Failed opening required 'Vigor/Customs/ThemeSettings.php' (include_path='.:/usr/share/php') in /var/www/html/vigor/wp-content/themes/vigor/functions.php on line 83

2021-06-26T09:10:56+00:00 CRITICAL require_once(): Failed opening required 'Vigor/Customs/ThemeSettings.php' (include_path='.:/usr/share/php') in /var/www/html/vigor/wp-content/themes/vigor/functions.php on line 83

2021-06-26T09:10:57+00:00 CRITICAL require_once(): Failed opening required 'Vigor/Customs/ThemeSettings.php' (include_path='.:/usr/share/php') in /var/www/html/vigor/wp-content/themes/vigor/functions.php on line 83

2021-06-26T09:10:57+00:00 CRITICAL require_once(): Failed opening required 'Vigor/Customs/ThemeSettings.php' (include_path='.:/usr/share/php') in /var/www/html/vigor/wp-content/themes/vigor/functions.php on line 83

2021-06-26T09:10:57+00:00 CRITICAL require_once(): Failed opening required 'Vigor/Customs/ThemeSettings.php' (include_path='.:/usr/share/php') in /var/www/html/vigor/wp-content/themes/vigor/functions.php on line 83

2021-06-26T09:10:58+00:00 CRITICAL require_once(): Failed opening required 'Vigor/Customs/ThemeSettings.php' (include_path='.:/usr/share/php') in /var/www/html/vigor/wp-content/themes/vigor/functions.php on line 83

2021-06-26T09:10:58+00:00 CRITICAL require_once(): Failed opening required 'Vigor/Customs/ThemeSettings.php' (include_path='.:/usr/share/php') in /var/www/html/vigor/wp-content/themes/vigor/functions.php on line 83

2021-06-26T09:10:58+00:00 CRITICAL require_once(): Failed opening required 'Vigor/Customs/ThemeSettings.php' (include_path='.:/usr/share/php') in /var/www/html/vigor/wp-content/themes/vigor/functions.php on line 83

2021-06-26T09:10:58+00:00 CRITICAL require_once(): Failed opening required 'Vigor/Customs/ThemeSettings.php' (include_path='.:/usr/share/php') in /var/www/html/vigor/wp-content/themes/vigor/functions.php on line 83

2021-06-26T09:10:59+00:00 CRITICAL require_once(): Failed opening required 'Vigor/Customs/ThemeSettings.php' (include_path='.:/usr/share/php') in /var/www/html/vigor/wp-content/themes/vigor/functions.php on line 83

2021-06-26T09:10:59+00:00 CRITICAL require_once(): Failed opening required 'Vigor/Customs/ThemeSettings.php' (include_path='.:/usr/share/php') in /var/www/html/vigor/wp-content/themes/vigor/functions.php on line 83

2021-06-26T09:11:00+00:00 CRITICAL require_once(): Failed opening required 'Vigor/Customs/ThemeSettings.php' (include_path='.:/usr/share/php') in /var/www/html/vigor/wp-content/themes/vigor/functions.php on line 83

2021-06-26T09:11:00+00:00 CRITICAL require_once(): Failed opening required 'Vigor/Customs/ThemeSettings.php' (include_path='.:/usr/share/php') in /var/www/html/vigor/wp-content/themes/vigor/functions.php on line 83

2021-06-26T09:11:01+00:00 CRITICAL require_once(): Failed opening required 'Vigor/Customs/ThemeSettings.php' (include_path='.:/usr/share/php') in /var/www/html/vigor/wp-content/themes/vigor/functions.php on line 83

2021-06-26T09:11:01+00:00 CRITICAL require_once(): Failed opening required 'Vigor/Customs/ThemeSettings.php' (include_path='.:/usr/share/php') in /var/www/html/vigor/wp-content/themes/vigor/functions.php on line 83

2021-06-26T09:11:01+00:00 CRITICAL require_once(): Failed opening required 'Vigor/Customs/ThemeSettings.php' (include_path='.:/usr/share/php') in /var/www/html/vigor/wp-content/themes/vigor/functions.php on line 83

2021-06-26T09:11:34+00:00 CRITICAL require_once(): Failed opening required 'Vigor/Customs/ThemeSettings.php' (include_path='.:/usr/share/php') in /var/www/html/vigor/wp-content/themes/vigor/functions.php on line 83

2021-06-26T09:11:34+00:00 CRITICAL require_once(): Failed opening required 'Vigor/Customs/ThemeSettings.php' (include_path='.:/usr/share/php') in /var/www/html/vigor/wp-content/themes/vigor/functions.php on line 83

2021-06-26T09:12:39+00:00 CRITICAL require_once(): Failed opening required 'Vigor/Customs/ThemeSettings.php' (include_path='.:/usr/share/php') in /var/www/html/vigor/wp-content/themes/vigor/functions.php on line 83

2021-06-26T09:12:39+00:00 CRITICAL require_once(): Failed opening required 'Vigor/Customs/ThemeSettings.php' (include_path='.:/usr/share/php') in /var/www/html/vigor/wp-content/themes/vigor/functions.php on line 83

2021-06-26T09:12:40+00:00 CRITICAL require_once(): Failed opening required 'Vigor/Customs/ThemeSettings.php' (include_path='.:/usr/share/php') in /var/www/html/vigor/wp-content/themes/vigor/functions.php on line 83

2021-06-26T09:34:14+00:00 CRITICAL Uncaught Error: Call to undefined function vg_get_all_custom_fields() in /var/www/html/vigor/wp-content/themes/vigor/functions.php:83
Stack trace:
#0 /var/www/html/vigor/wp-includes/class-wp-hook.php(292): vg_after_theme_setup()
#1 /var/www/html/vigor/wp-includes/class-wp-hook.php(316): WP_Hook->apply_filters()
#2 /var/www/html/vigor/wp-includes/plugin.php(484): WP_Hook->do_action()
#3 /var/www/html/vigor/wp-settings.php(538): do_action()
#4 /var/www/html/vigor/wp-config.php(93): require_once('/var/www/html/v...')
#5 /var/www/html/vigor/wp-load.php(37): require_once('/var/www/html/v...')
#6 /var/www/html/vigor/wp-admin/admin-ajax.php(22): require_once('/var/www/html/v...')
#7 {main}
  thrown in /var/www/html/vigor/wp-content/themes/vigor/functions.php on line 83

2021-06-26T10:07:50+00:00 CRITICAL Uncaught ArgumentCountError: Too few arguments to function Carbon_Fields\Field\Field::factory(), 1 passed and at least 2 expected in /var/www/html/vigor/wp-content/themes/vigor/vendor/htmlburger/carbon-fields/core/Field/Field.php:216
Stack trace:
#0 [internal function]: Carbon_Fields\Field\Field::factory()
#1 /var/www/html/vigor/wp-content/themes/vigor/vendor/htmlburger/carbon-fields/core/Field.php(46): call_user_func_array()
#2 [internal function]: Carbon_Fields\Field::factory()
#3 /var/www/html/vigor/wp-content/themes/vigor/vendor/htmlburger/carbon-fields/core/Field.php(56): call_user_func_array()
#4 /var/www/html/vigor/wp-content/themes/vigor/Customs/HomePageOptions.php(16): Carbon_Fields\Field::make()
#5 /var/www/html/vigor/wp-content/themes/vigor/functions.php(103): Customs\HomePageOptions->register()
#6 /var/www/html/vigor/wp-includes/class-wp-hook.php(292): vg_attach_theme_options()
#7 /var/www/html/vigor/wp-includes/class-wp-hook.php(316): WP_Hook->apply_filters()
#8 /var/www/html/vigor/wp-includes/pl in /var/www/html/vigor/wp-content/themes/vigor/vendor/htmlburger/carbon-fields/core/Field/Field.php on line 216

2021-06-26T10:14:41+00:00 CRITICAL syntax error, unexpected '}', expecting ';' in /var/www/html/vigor/wp-content/themes/vigor/Customs/HomePageOptions.php on line 34

2021-06-26T10:16:42+00:00 CRITICAL syntax error, unexpected '=', expecting ')' in /var/www/html/vigor/wp-content/themes/vigor/Customs/HomePageOptions.php on line 36

2021-06-26T10:18:24+00:00 CRITICAL Uncaught Error: Object of class WP_Post could not be converted to string in /var/www/html/vigor/wp-content/themes/vigor/vendor/htmlburger/carbon-fields/core/Field/Predefined_Options_Field.php:129
Stack trace:
#0 /var/www/html/vigor/wp-content/themes/vigor/vendor/htmlburger/carbon-fields/core/Field/Predefined_Options_Field.php(129): strval()
#1 /var/www/html/vigor/wp-content/themes/vigor/vendor/htmlburger/carbon-fields/core/Field/Predefined_Options_Field.php(107): Carbon_Fields\Field\Predefined_Options_Field->parse_options()
#2 /var/www/html/vigor/wp-content/themes/vigor/vendor/htmlburger/carbon-fields/core/Field/Select_Field.php(54): Carbon_Fields\Field\Predefined_Options_Field->get_options_values()
#3 /var/www/html/vigor/wp-content/themes/vigor/vendor/htmlburger/carbon-fields/core/Field/Field.php(1034): Carbon_Fields\Field\Select_Field->get_formatted_value()
#4 /var/www/html/vigor/wp-content/themes/vigor/vendor/htmlburger/carbon-fields/core/Field/Select_Field.php(37): Carbon_Fields\Field\Field->to_json()
#5  in /var/www/html/vigor/wp-content/themes/vigor/vendor/htmlburger/carbon-fields/core/Field/Predefined_Options_Field.php on line 129

2021-06-26T15:54:36+00:00 CRITICAL syntax error, unexpected ';', expecting ')' in /var/www/html/vigor/wp-content/themes/vigor/Customs/HomePageOptions.php on line 38

2021-06-26T15:54:37+00:00 CRITICAL syntax error, unexpected ';', expecting ')' in /var/www/html/vigor/wp-content/themes/vigor/Customs/HomePageOptions.php on line 38

2021-06-26T15:54:38+00:00 CRITICAL syntax error, unexpected ';', expecting ')' in /var/www/html/vigor/wp-content/themes/vigor/Customs/HomePageOptions.php on line 38

2021-06-26T15:54:41+00:00 CRITICAL syntax error, unexpected ';', expecting ')' in /var/www/html/vigor/wp-content/themes/vigor/Customs/HomePageOptions.php on line 38

