2021-06-30T17:24:41+00:00 CRITICAL Uncaught ArgumentCountError: Too few arguments to function carbon_get_post_meta(), 1 passed in /var/www/html/vigor/wp-content/themes/vigor/front-page.php on line 193 and at least 2 expected in /var/www/html/vigor/wp-content/themes/vigor/vendor/htmlburger/carbon-fields/core/functions.php:31
Stack trace:
#0 /var/www/html/vigor/wp-content/themes/vigor/front-page.php(193): carbon_get_post_meta()
#1 /var/www/html/vigor/wp-includes/template-loader.php(106): include('/var/www/html/v...')
#2 /var/www/html/vigor/wp-blog-header.php(19): require_once('/var/www/html/v...')
#3 /var/www/html/vigor/index.php(17): require('/var/www/html/v...')
#4 {main}
  thrown in /var/www/html/vigor/wp-content/themes/vigor/vendor/htmlburger/carbon-fields/core/functions.php on line 31

2021-06-30T17:24:43+00:00 CRITICAL Uncaught ArgumentCountError: Too few arguments to function carbon_get_post_meta(), 1 passed in /var/www/html/vigor/wp-content/themes/vigor/front-page.php on line 193 and at least 2 expected in /var/www/html/vigor/wp-content/themes/vigor/vendor/htmlburger/carbon-fields/core/functions.php:31
Stack trace:
#0 /var/www/html/vigor/wp-content/themes/vigor/front-page.php(193): carbon_get_post_meta()
#1 /var/www/html/vigor/wp-includes/template-loader.php(106): include('/var/www/html/v...')
#2 /var/www/html/vigor/wp-blog-header.php(19): require_once('/var/www/html/v...')
#3 /var/www/html/vigor/index.php(17): require('/var/www/html/v...')
#4 {main}
  thrown in /var/www/html/vigor/wp-content/themes/vigor/vendor/htmlburger/carbon-fields/core/functions.php on line 31

2021-06-30T17:24:45+00:00 CRITICAL Uncaught ArgumentCountError: Too few arguments to function carbon_get_post_meta(), 1 passed in /var/www/html/vigor/wp-content/themes/vigor/front-page.php on line 193 and at least 2 expected in /var/www/html/vigor/wp-content/themes/vigor/vendor/htmlburger/carbon-fields/core/functions.php:31
Stack trace:
#0 /var/www/html/vigor/wp-content/themes/vigor/front-page.php(193): carbon_get_post_meta()
#1 /var/www/html/vigor/wp-includes/template-loader.php(106): include('/var/www/html/v...')
#2 /var/www/html/vigor/wp-blog-header.php(19): require_once('/var/www/html/v...')
#3 /var/www/html/vigor/index.php(17): require('/var/www/html/v...')
#4 {main}
  thrown in /var/www/html/vigor/wp-content/themes/vigor/vendor/htmlburger/carbon-fields/core/functions.php on line 31

2021-06-30T17:24:56+00:00 CRITICAL Uncaught ArgumentCountError: Too few arguments to function carbon_get_post_meta(), 1 passed in /var/www/html/vigor/wp-content/themes/vigor/front-page.php on line 193 and at least 2 expected in /var/www/html/vigor/wp-content/themes/vigor/vendor/htmlburger/carbon-fields/core/functions.php:31
Stack trace:
#0 /var/www/html/vigor/wp-content/themes/vigor/front-page.php(193): carbon_get_post_meta()
#1 /var/www/html/vigor/wp-includes/template-loader.php(106): include('/var/www/html/v...')
#2 /var/www/html/vigor/wp-blog-header.php(19): require_once('/var/www/html/v...')
#3 /var/www/html/vigor/index.php(17): require('/var/www/html/v...')
#4 {main}
  thrown in /var/www/html/vigor/wp-content/themes/vigor/vendor/htmlburger/carbon-fields/core/functions.php on line 31

2021-06-30T17:25:19+00:00 CRITICAL Uncaught ArgumentCountError: Too few arguments to function carbon_get_post_meta(), 1 passed in /var/www/html/vigor/wp-content/themes/vigor/front-page.php on line 193 and at least 2 expected in /var/www/html/vigor/wp-content/themes/vigor/vendor/htmlburger/carbon-fields/core/functions.php:31
Stack trace:
#0 /var/www/html/vigor/wp-content/themes/vigor/front-page.php(193): carbon_get_post_meta()
#1 /var/www/html/vigor/wp-includes/template-loader.php(106): include('/var/www/html/v...')
#2 /var/www/html/vigor/wp-blog-header.php(19): require_once('/var/www/html/v...')
#3 /var/www/html/vigor/index.php(17): require('/var/www/html/v...')
#4 {main}
  thrown in /var/www/html/vigor/wp-content/themes/vigor/vendor/htmlburger/carbon-fields/core/functions.php on line 31

2021-06-30T17:25:51+00:00 CRITICAL Uncaught ArgumentCountError: Too few arguments to function carbon_get_post_meta(), 1 passed in /var/www/html/vigor/wp-content/themes/vigor/front-page.php on line 193 and at least 2 expected in /var/www/html/vigor/wp-content/themes/vigor/vendor/htmlburger/carbon-fields/core/functions.php:31
Stack trace:
#0 /var/www/html/vigor/wp-content/themes/vigor/front-page.php(193): carbon_get_post_meta()
#1 /var/www/html/vigor/wp-includes/template-loader.php(106): include('/var/www/html/v...')
#2 /var/www/html/vigor/wp-blog-header.php(19): require_once('/var/www/html/v...')
#3 /var/www/html/vigor/index.php(17): require('/var/www/html/v...')
#4 {main}
  thrown in /var/www/html/vigor/wp-content/themes/vigor/vendor/htmlburger/carbon-fields/core/functions.php on line 31

2021-06-30T18:18:16+00:00 CRITICAL Uncaught ArgumentCountError: Too few arguments to function apply_filters(), 1 passed in /var/www/html/vigor/wp-content/themes/vigor/front-page.php on line 225 and exactly 2 expected in /var/www/html/vigor/wp-includes/plugin.php:187
Stack trace:
#0 /var/www/html/vigor/wp-content/themes/vigor/front-page.php(225): apply_filters()
#1 /var/www/html/vigor/wp-includes/template-loader.php(106): include('/var/www/html/v...')
#2 /var/www/html/vigor/wp-blog-header.php(19): require_once('/var/www/html/v...')
#3 /var/www/html/vigor/index.php(17): require('/var/www/html/v...')
#4 {main}
  thrown in /var/www/html/vigor/wp-includes/plugin.php on line 187

2021-06-30T18:18:18+00:00 CRITICAL Uncaught ArgumentCountError: Too few arguments to function apply_filters(), 1 passed in /var/www/html/vigor/wp-content/themes/vigor/front-page.php on line 225 and exactly 2 expected in /var/www/html/vigor/wp-includes/plugin.php:187
Stack trace:
#0 /var/www/html/vigor/wp-content/themes/vigor/front-page.php(225): apply_filters()
#1 /var/www/html/vigor/wp-includes/template-loader.php(106): include('/var/www/html/v...')
#2 /var/www/html/vigor/wp-blog-header.php(19): require_once('/var/www/html/v...')
#3 /var/www/html/vigor/index.php(17): require('/var/www/html/v...')
#4 {main}
  thrown in /var/www/html/vigor/wp-includes/plugin.php on line 187

2021-06-30T18:19:23+00:00 CRITICAL Uncaught ArgumentCountError: Too few arguments to function apply_filters(), 1 passed in /var/www/html/vigor/wp-content/themes/vigor/front-page.php on line 225 and exactly 2 expected in /var/www/html/vigor/wp-includes/plugin.php:187
Stack trace:
#0 /var/www/html/vigor/wp-content/themes/vigor/front-page.php(225): apply_filters()
#1 /var/www/html/vigor/wp-includes/template-loader.php(106): include('/var/www/html/v...')
#2 /var/www/html/vigor/wp-blog-header.php(19): require_once('/var/www/html/v...')
#3 /var/www/html/vigor/index.php(17): require('/var/www/html/v...')
#4 {main}
  thrown in /var/www/html/vigor/wp-includes/plugin.php on line 187

