2021-07-30T09:52:25+00:00 CRITICAL Cannot redeclare wpcf7_add_form_tag_text() (previously declared in /var/www/html/vigor/wp-content/plugins/validar-identidad-cf7/validar-identidad-cf7.php:198) in /var/www/html/vigor/wp-content/plugins/contact-form-7/modules/text.php on line 15

2021-07-30T09:53:07+00:00 CRITICAL Uncaught ArgumentCountError: Too few arguments to function wpcf7_add_shortcode(), 1 passed in /var/www/html/vigor/wp-content/plugins/validar-identidad-cf7/validar-identidad-cf7.php on line 199 and at least 2 expected in /var/www/html/vigor/wp-content/plugins/contact-form-7/includes/shortcodes.php:8
Stack trace:
#0 /var/www/html/vigor/wp-content/plugins/validar-identidad-cf7/validar-identidad-cf7.php(199): wpcf7_add_shortcode()
#1 /var/www/html/vigor/wp-includes/class-wp-hook.php(292): wpcf7_add_form_tag_identidad()
#2 /var/www/html/vigor/wp-includes/class-wp-hook.php(316): WP_Hook->apply_filters()
#3 /var/www/html/vigor/wp-includes/plugin.php(484): WP_Hook->do_action()
#4 /var/www/html/vigor/wp-content/plugins/contact-form-7/load.php(118): do_action()
#5 /var/www/html/vigor/wp-includes/class-wp-hook.php(290): wpcf7_init()
#6 /var/www/html/vigor/wp-includes/class-wp-hook.php(316): WP_Hook->apply_filters()
#7 /var/www/html/vigor/wp-includes/plugin.php(484): WP_Hook->do_action()
#8 /var/www/html/vigor/wp-setting in /var/www/html/vigor/wp-content/plugins/contact-form-7/includes/shortcodes.php on line 8

2021-07-30T09:53:22+00:00 CRITICAL Uncaught ArgumentCountError: Too few arguments to function wpcf7_add_shortcode(), 1 passed in /var/www/html/vigor/wp-content/plugins/validar-identidad-cf7/validar-identidad-cf7.php on line 199 and at least 2 expected in /var/www/html/vigor/wp-content/plugins/contact-form-7/includes/shortcodes.php:8
Stack trace:
#0 /var/www/html/vigor/wp-content/plugins/validar-identidad-cf7/validar-identidad-cf7.php(199): wpcf7_add_shortcode()
#1 /var/www/html/vigor/wp-includes/class-wp-hook.php(292): wpcf7_add_form_tag_identidad()
#2 /var/www/html/vigor/wp-includes/class-wp-hook.php(316): WP_Hook->apply_filters()
#3 /var/www/html/vigor/wp-includes/plugin.php(484): WP_Hook->do_action()
#4 /var/www/html/vigor/wp-content/plugins/contact-form-7/load.php(118): do_action()
#5 /var/www/html/vigor/wp-includes/class-wp-hook.php(290): wpcf7_init()
#6 /var/www/html/vigor/wp-includes/class-wp-hook.php(316): WP_Hook->apply_filters()
#7 /var/www/html/vigor/wp-includes/plugin.php(484): WP_Hook->do_action()
#8 /var/www/html/vigor/wp-setting in /var/www/html/vigor/wp-content/plugins/contact-form-7/includes/shortcodes.php on line 8

2021-07-30T09:54:11+00:00 CRITICAL Uncaught ArgumentCountError: Too few arguments to function wpcf7_add_form_tag(), 1 passed in /var/www/html/vigor/wp-content/plugins/validar-identidad-cf7/validar-identidad-cf7.php on line 199 and at least 2 expected in /var/www/html/vigor/wp-content/plugins/contact-form-7/includes/form-tags-manager.php:3
Stack trace:
#0 /var/www/html/vigor/wp-content/plugins/validar-identidad-cf7/validar-identidad-cf7.php(199): wpcf7_add_form_tag()
#1 /var/www/html/vigor/wp-includes/class-wp-hook.php(292): wpcf7_add_form_tag_identidad()
#2 /var/www/html/vigor/wp-includes/class-wp-hook.php(316): WP_Hook->apply_filters()
#3 /var/www/html/vigor/wp-includes/plugin.php(484): WP_Hook->do_action()
#4 /var/www/html/vigor/wp-content/plugins/contact-form-7/load.php(118): do_action()
#5 /var/www/html/vigor/wp-includes/class-wp-hook.php(290): wpcf7_init()
#6 /var/www/html/vigor/wp-includes/class-wp-hook.php(316): WP_Hook->apply_filters()
#7 /var/www/html/vigor/wp-includes/plugin.php(484): WP_Hook->do_action()
#8 /var/www/html/vigor/wp-se in /var/www/html/vigor/wp-content/plugins/contact-form-7/includes/form-tags-manager.php on line 3

2021-07-30T09:56:43+00:00 CRITICAL Cannot redeclare wpcf7_add_form_tag_text() (previously declared in /var/www/html/vigor/wp-content/plugins/validar-identidad-cf7/validar-identidad-cf7.php:199) in /var/www/html/vigor/wp-content/plugins/contact-form-7/modules/text.php on line 15

2021-07-30T10:43:06+00:00 CRITICAL Uncaught Error: Call to undefined method WPCF7_FormTag::get_placeholder_option() in /var/www/html/vigor/wp-content/plugins/validar-identidad-cf7/validar-identidad-cf7.php:183
Stack trace:
#0 /var/www/html/vigor/wp-content/plugins/contact-form-7/includes/form-tags-manager.php(340): custom_identidad_form_tag_handler()
#1 /var/www/html/vigor/wp-content/plugins/contact-form-7/includes/form-tags-manager.php(269): WPCF7_FormTagsManager->scan_callback()
#2 [internal function]: WPCF7_FormTagsManager->replace_callback()
#3 /var/www/html/vigor/wp-content/plugins/contact-form-7/includes/form-tags-manager.php(186): preg_replace_callback()
#4 /var/www/html/vigor/wp-content/plugins/contact-form-7/includes/form-tags-manager.php(168): WPCF7_FormTagsManager->scan()
#5 /var/www/html/vigor/wp-content/plugins/contact-form-7/includes/contact-form.php(634): WPCF7_FormTagsManager->replace_all()
#6 /var/www/html/vigor/wp-content/plugins/contact-form-7/includes/contact-form.php(669): WPCF7_ContactForm->replace_all_form_tags()
#7 /var in /var/www/html/vigor/wp-content/plugins/validar-identidad-cf7/validar-identidad-cf7.php on line 183

2021-07-30T10:43:26+00:00 CRITICAL Uncaught Error: Call to undefined method WPCF7_FormTag::get_placeholder_option() in /var/www/html/vigor/wp-content/plugins/validar-identidad-cf7/validar-identidad-cf7.php:183
Stack trace:
#0 /var/www/html/vigor/wp-content/plugins/contact-form-7/includes/form-tags-manager.php(340): custom_identidad_form_tag_handler()
#1 /var/www/html/vigor/wp-content/plugins/contact-form-7/includes/form-tags-manager.php(269): WPCF7_FormTagsManager->scan_callback()
#2 [internal function]: WPCF7_FormTagsManager->replace_callback()
#3 /var/www/html/vigor/wp-content/plugins/contact-form-7/includes/form-tags-manager.php(186): preg_replace_callback()
#4 /var/www/html/vigor/wp-content/plugins/contact-form-7/includes/form-tags-manager.php(168): WPCF7_FormTagsManager->scan()
#5 /var/www/html/vigor/wp-content/plugins/contact-form-7/includes/contact-form.php(634): WPCF7_FormTagsManager->replace_all()
#6 /var/www/html/vigor/wp-content/plugins/contact-form-7/includes/contact-form.php(669): WPCF7_ContactForm->replace_all_form_tags()
#7 /var in /var/www/html/vigor/wp-content/plugins/validar-identidad-cf7/validar-identidad-cf7.php on line 183

2021-07-30T10:43:27+00:00 CRITICAL Uncaught Error: Call to undefined method WPCF7_FormTag::get_placeholder_option() in /var/www/html/vigor/wp-content/plugins/validar-identidad-cf7/validar-identidad-cf7.php:183
Stack trace:
#0 /var/www/html/vigor/wp-content/plugins/contact-form-7/includes/form-tags-manager.php(340): custom_identidad_form_tag_handler()
#1 /var/www/html/vigor/wp-content/plugins/contact-form-7/includes/form-tags-manager.php(269): WPCF7_FormTagsManager->scan_callback()
#2 [internal function]: WPCF7_FormTagsManager->replace_callback()
#3 /var/www/html/vigor/wp-content/plugins/contact-form-7/includes/form-tags-manager.php(186): preg_replace_callback()
#4 /var/www/html/vigor/wp-content/plugins/contact-form-7/includes/form-tags-manager.php(168): WPCF7_FormTagsManager->scan()
#5 /var/www/html/vigor/wp-content/plugins/contact-form-7/includes/contact-form.php(634): WPCF7_FormTagsManager->replace_all()
#6 /var/www/html/vigor/wp-content/plugins/contact-form-7/includes/contact-form.php(669): WPCF7_ContactForm->replace_all_form_tags()
#7 /var in /var/www/html/vigor/wp-content/plugins/validar-identidad-cf7/validar-identidad-cf7.php on line 183

2021-07-30T10:43:35+00:00 CRITICAL Uncaught Error: Call to undefined method WPCF7_FormTag::get_placeholder_option() in /var/www/html/vigor/wp-content/plugins/validar-identidad-cf7/validar-identidad-cf7.php:183
Stack trace:
#0 /var/www/html/vigor/wp-content/plugins/contact-form-7/includes/form-tags-manager.php(340): custom_identidad_form_tag_handler()
#1 /var/www/html/vigor/wp-content/plugins/contact-form-7/includes/form-tags-manager.php(269): WPCF7_FormTagsManager->scan_callback()
#2 [internal function]: WPCF7_FormTagsManager->replace_callback()
#3 /var/www/html/vigor/wp-content/plugins/contact-form-7/includes/form-tags-manager.php(186): preg_replace_callback()
#4 /var/www/html/vigor/wp-content/plugins/contact-form-7/includes/form-tags-manager.php(168): WPCF7_FormTagsManager->scan()
#5 /var/www/html/vigor/wp-content/plugins/contact-form-7/includes/contact-form.php(634): WPCF7_FormTagsManager->replace_all()
#6 /var/www/html/vigor/wp-content/plugins/contact-form-7/includes/contact-form.php(669): WPCF7_ContactForm->replace_all_form_tags()
#7 /var in /var/www/html/vigor/wp-content/plugins/validar-identidad-cf7/validar-identidad-cf7.php on line 183

2021-07-30T10:43:37+00:00 CRITICAL Uncaught Error: Call to undefined method WPCF7_FormTag::get_placeholder_option() in /var/www/html/vigor/wp-content/plugins/validar-identidad-cf7/validar-identidad-cf7.php:183
Stack trace:
#0 /var/www/html/vigor/wp-content/plugins/contact-form-7/includes/form-tags-manager.php(340): custom_identidad_form_tag_handler()
#1 /var/www/html/vigor/wp-content/plugins/contact-form-7/includes/form-tags-manager.php(269): WPCF7_FormTagsManager->scan_callback()
#2 [internal function]: WPCF7_FormTagsManager->replace_callback()
#3 /var/www/html/vigor/wp-content/plugins/contact-form-7/includes/form-tags-manager.php(186): preg_replace_callback()
#4 /var/www/html/vigor/wp-content/plugins/contact-form-7/includes/form-tags-manager.php(168): WPCF7_FormTagsManager->scan()
#5 /var/www/html/vigor/wp-content/plugins/contact-form-7/includes/contact-form.php(634): WPCF7_FormTagsManager->replace_all()
#6 /var/www/html/vigor/wp-content/plugins/contact-form-7/includes/contact-form.php(669): WPCF7_ContactForm->replace_all_form_tags()
#7 /var in /var/www/html/vigor/wp-content/plugins/validar-identidad-cf7/validar-identidad-cf7.php on line 183

2021-07-30T10:43:38+00:00 CRITICAL Uncaught Error: Call to undefined method WPCF7_FormTag::get_placeholder_option() in /var/www/html/vigor/wp-content/plugins/validar-identidad-cf7/validar-identidad-cf7.php:183
Stack trace:
#0 /var/www/html/vigor/wp-content/plugins/contact-form-7/includes/form-tags-manager.php(340): custom_identidad_form_tag_handler()
#1 /var/www/html/vigor/wp-content/plugins/contact-form-7/includes/form-tags-manager.php(269): WPCF7_FormTagsManager->scan_callback()
#2 [internal function]: WPCF7_FormTagsManager->replace_callback()
#3 /var/www/html/vigor/wp-content/plugins/contact-form-7/includes/form-tags-manager.php(186): preg_replace_callback()
#4 /var/www/html/vigor/wp-content/plugins/contact-form-7/includes/form-tags-manager.php(168): WPCF7_FormTagsManager->scan()
#5 /var/www/html/vigor/wp-content/plugins/contact-form-7/includes/contact-form.php(634): WPCF7_FormTagsManager->replace_all()
#6 /var/www/html/vigor/wp-content/plugins/contact-form-7/includes/contact-form.php(669): WPCF7_ContactForm->replace_all_form_tags()
#7 /var in /var/www/html/vigor/wp-content/plugins/validar-identidad-cf7/validar-identidad-cf7.php on line 183

2021-07-30T10:45:43+00:00 CRITICAL Uncaught ArgumentCountError: Too few arguments to function WPCF7_FormTag::get_option(), 0 passed in /var/www/html/vigor/wp-content/plugins/validar-identidad-cf7/validar-identidad-cf7.php on line 183 and at least 1 expected in /var/www/html/vigor/wp-content/plugins/contact-form-7/includes/form-tag.php:36
Stack trace:
#0 /var/www/html/vigor/wp-content/plugins/validar-identidad-cf7/validar-identidad-cf7.php(183): WPCF7_FormTag->get_option()
#1 /var/www/html/vigor/wp-content/plugins/contact-form-7/includes/form-tags-manager.php(340): custom_identidad_form_tag_handler()
#2 /var/www/html/vigor/wp-content/plugins/contact-form-7/includes/form-tags-manager.php(269): WPCF7_FormTagsManager->scan_callback()
#3 [internal function]: WPCF7_FormTagsManager->replace_callback()
#4 /var/www/html/vigor/wp-content/plugins/contact-form-7/includes/form-tags-manager.php(186): preg_replace_callback()
#5 /var/www/html/vigor/wp-content/plugins/contact-form-7/includes/form-tags-manager.php(168): WPCF7_FormTagsManager->scan()
#6 /var/www in /var/www/html/vigor/wp-content/plugins/contact-form-7/includes/form-tag.php on line 36

2021-07-30T10:46:49+00:00 CRITICAL Uncaught ArgumentCountError: Too few arguments to function WPCF7_FormTag::get_option(), 0 passed in /var/www/html/vigor/wp-content/plugins/validar-identidad-cf7/validar-identidad-cf7.php on line 183 and at least 1 expected in /var/www/html/vigor/wp-content/plugins/contact-form-7/includes/form-tag.php:36
Stack trace:
#0 /var/www/html/vigor/wp-content/plugins/validar-identidad-cf7/validar-identidad-cf7.php(183): WPCF7_FormTag->get_option()
#1 /var/www/html/vigor/wp-content/plugins/contact-form-7/includes/form-tags-manager.php(340): custom_identidad_form_tag_handler()
#2 /var/www/html/vigor/wp-content/plugins/contact-form-7/includes/form-tags-manager.php(269): WPCF7_FormTagsManager->scan_callback()
#3 [internal function]: WPCF7_FormTagsManager->replace_callback()
#4 /var/www/html/vigor/wp-content/plugins/contact-form-7/includes/form-tags-manager.php(186): preg_replace_callback()
#5 /var/www/html/vigor/wp-content/plugins/contact-form-7/includes/form-tags-manager.php(168): WPCF7_FormTagsManager->scan()
#6 /var/www in /var/www/html/vigor/wp-content/plugins/contact-form-7/includes/form-tag.php on line 36

2021-07-30T10:46:52+00:00 CRITICAL Uncaught ArgumentCountError: Too few arguments to function WPCF7_FormTag::get_option(), 0 passed in /var/www/html/vigor/wp-content/plugins/validar-identidad-cf7/validar-identidad-cf7.php on line 183 and at least 1 expected in /var/www/html/vigor/wp-content/plugins/contact-form-7/includes/form-tag.php:36
Stack trace:
#0 /var/www/html/vigor/wp-content/plugins/validar-identidad-cf7/validar-identidad-cf7.php(183): WPCF7_FormTag->get_option()
#1 /var/www/html/vigor/wp-content/plugins/contact-form-7/includes/form-tags-manager.php(340): custom_identidad_form_tag_handler()
#2 /var/www/html/vigor/wp-content/plugins/contact-form-7/includes/form-tags-manager.php(269): WPCF7_FormTagsManager->scan_callback()
#3 [internal function]: WPCF7_FormTagsManager->replace_callback()
#4 /var/www/html/vigor/wp-content/plugins/contact-form-7/includes/form-tags-manager.php(186): preg_replace_callback()
#5 /var/www/html/vigor/wp-content/plugins/contact-form-7/includes/form-tags-manager.php(168): WPCF7_FormTagsManager->scan()
#6 /var/www in /var/www/html/vigor/wp-content/plugins/contact-form-7/includes/form-tag.php on line 36

