2021-07-01T03:26:51+00:00 CRITICAL Uncaught Error: Call to undefined method WC_Product_Simple::get_product_type() in /var/www/html/vigor/wp-content/themes/vigor/front-page.php:234
Stack trace:
#0 /var/www/html/vigor/wp-includes/template-loader.php(106): include()
#1 /var/www/html/vigor/wp-blog-header.php(19): require_once('/var/www/html/v...')
#2 /var/www/html/vigor/index.php(17): require('/var/www/html/v...')
#3 {main}
  thrown in /var/www/html/vigor/wp-content/themes/vigor/front-page.php on line 234

2021-07-01T03:26:59+00:00 CRITICAL Uncaught Error: Call to undefined method WC_Product_Simple::get_product_type() in /var/www/html/vigor/wp-content/themes/vigor/front-page.php:234
Stack trace:
#0 /var/www/html/vigor/wp-includes/template-loader.php(106): include()
#1 /var/www/html/vigor/wp-blog-header.php(19): require_once('/var/www/html/v...')
#2 /var/www/html/vigor/index.php(17): require('/var/www/html/v...')
#3 {main}
  thrown in /var/www/html/vigor/wp-content/themes/vigor/front-page.php on line 234

2021-07-01T03:33:05+00:00 CRITICAL Uncaught Error: Call to undefined method Carbon_Fields\Field\Text_Field::set_options() in /var/www/html/vigor/wp-content/themes/vigor/Customs/HomePageOptions.php:99
Stack trace:
#0 /var/www/html/vigor/wp-content/themes/vigor/functions.php(105): Customs\HomePageOptions->register()
#1 /var/www/html/vigor/wp-includes/class-wp-hook.php(292): vg_attach_theme_options()
#2 /var/www/html/vigor/wp-includes/class-wp-hook.php(316): WP_Hook->apply_filters()
#3 /var/www/html/vigor/wp-includes/plugin.php(484): WP_Hook->do_action()
#4 /var/www/html/vigor/wp-content/themes/vigor/vendor/htmlburger/carbon-fields/core/Loader/Loader.php(113): do_action()
#5 /var/www/html/vigor/wp-includes/class-wp-hook.php(292): Carbon_Fields\Loader\Loader->trigger_fields_register()
#6 /var/www/html/vigor/wp-includes/class-wp-hook.php(316): WP_Hook->apply_filters()
#7 /var/www/html/vigor/wp-includes/plugin.php(484): WP_Hook->do_action()
#8 /var/www/html/vigor/wp-settings.php(560): do_action()
#9 /var/www/html/vigor/wp-config.php(93): require_onc in /var/www/html/vigor/wp-content/themes/vigor/Customs/HomePageOptions.php on line 99

2021-07-01T03:33:06+00:00 CRITICAL Uncaught Error: Call to undefined method Carbon_Fields\Field\Text_Field::set_options() in /var/www/html/vigor/wp-content/themes/vigor/Customs/HomePageOptions.php:99
Stack trace:
#0 /var/www/html/vigor/wp-content/themes/vigor/functions.php(105): Customs\HomePageOptions->register()
#1 /var/www/html/vigor/wp-includes/class-wp-hook.php(292): vg_attach_theme_options()
#2 /var/www/html/vigor/wp-includes/class-wp-hook.php(316): WP_Hook->apply_filters()
#3 /var/www/html/vigor/wp-includes/plugin.php(484): WP_Hook->do_action()
#4 /var/www/html/vigor/wp-content/themes/vigor/vendor/htmlburger/carbon-fields/core/Loader/Loader.php(113): do_action()
#5 /var/www/html/vigor/wp-includes/class-wp-hook.php(292): Carbon_Fields\Loader\Loader->trigger_fields_register()
#6 /var/www/html/vigor/wp-includes/class-wp-hook.php(316): WP_Hook->apply_filters()
#7 /var/www/html/vigor/wp-includes/plugin.php(484): WP_Hook->do_action()
#8 /var/www/html/vigor/wp-settings.php(560): do_action()
#9 /var/www/html/vigor/wp-config.php(93): require_onc in /var/www/html/vigor/wp-content/themes/vigor/Customs/HomePageOptions.php on line 99

